<?xml version="1.0" encoding="UTF-8"?>
<!-- Generated by org.testng.reporters.JUnitReportReporter -->
<testsuite skipped="0" hostname="DESKTOP-NBQPCTP" name="Conflict.ContactTest" tests="3" failures="0" timestamp="2021-03-27T08:21:19 IST" time="0.043" errors="0">
  <testcase name="createcontact" time="0.008" classname="Conflict.ContactTest"/>
  <system-out/>
  <testcase name="Login" time="0.030" classname="Conflict.ContactTest"/>
  <system-out/>
  <testcase name="Test" time="0.005" classname="Conflict.ContactTest"/>
  <system-out/>
</testsuite> <!-- Conflict.ContactTest -->
